Compilando...
[01:32:08 INF] Executed DbCommand (31ms) [Parameters=[], CommandType='Text', CommandTimeout='30']
SELECT a.id, a.data_cadastro, a.email, a.nome, a.sal, a.senha_hash, a.sobrenome
FROM admins AS a
[01:32:09 INF] User profile is available. Using '/Users/guelfi/.aspnet/DataProtection-Keys' as key repository; keys will not be encrypted at rest.
[01:32:09 INF] Now listening on: http://0.0.0.0:5217
[01:32:09 INF] Application started. Press Ctrl+C to shut down.
[01:32:09 INF] Hosting environment: Development
[01:32:09 INF] Content root path: /Users/guelfi/Projetos/DriverHub/src/DriverHub.API
[01:34:33 INF] Request starting HTTP/1.1 OPTIONS http://127.0.0.1:5217/api/Auth/login - null null
[01:34:33 INF] CORS policy execution successful.
[01:34:33 INF] HTTP OPTIONS /api/Auth/login responded 204 in 7.0398 ms
[01:34:33 INF] Request finished HTTP/1.1 OPTIONS http://127.0.0.1:5217/api/Auth/login - 204 null null 56.5297ms
[01:34:33 INF] Request starting HTTP/1.1 POST http://127.0.0.1:5217/api/Auth/login - application/json 46
[01:34:33 INF] CORS policy execution successful.
[01:34:33 WRN] Failed to determine the https port for redirect.
[01:34:33 INF] Executing endpoint 'DriverHub.API.Controllers.AuthController.LoginMotorista (DriverHub.API)'
[01:34:33 INF] Route matched with {action = "LoginMotorista", controller = "Auth"}. Executing controller action with signature System.Threading.Tasks.Task`1[Microsoft.AspNetCore.Mvc.IActionResult] LoginMotorista(DriverHub.Application.DTOs.LoginDto) on controller DriverHub.API.Controllers.AuthController (DriverHub.API).
[01:34:34 INF] Executed DbCommand (31ms) [Parameters=[@__email_0='?'], CommandType='Text', CommandTimeout='30']
SELECT m.id, m.aluguel_semanal_veiculo, m.autonomia_veiculo_km_por_litro, m.data_cadastro, m.dias_trabalhados_por_semana, m.email, m.nome, m.numero_celular, m.sal, m.senha_hash, m.sobrenome
FROM motoristas AS m
WHERE m.email = @__email_0
LIMIT 1
[01:34:34 INF] Motorista guelfi@msn.com logado com sucesso.
[01:34:34 INF] Executing OkObjectResult, writing value of type 'DriverHub.Application.DTOs.LoginResponseDto'.
[01:34:34 INF] Executed action DriverHub.API.Controllers.AuthController.LoginMotorista (DriverHub.API) in 456.0796ms
[01:34:34 INF] Executed endpoint 'DriverHub.API.Controllers.AuthController.LoginMotorista (DriverHub.API)'
[01:34:34 INF] HTTP POST /api/Auth/login responded 200 in 523.4376 ms
[01:34:34 INF] Request finished HTTP/1.1 POST http://127.0.0.1:5217/api/Auth/login - 200 null application/json; charset=utf-8 538.2648ms
[01:34:42 INF] Request starting HTTP/1.1 OPTIONS http://127.0.0.1:5217/api/Auth/login - null null
[01:34:42 INF] CORS policy execution successful.
[01:34:42 INF] HTTP OPTIONS /api/Auth/login responded 204 in 0.9502 ms
[01:34:42 INF] Request finished HTTP/1.1 OPTIONS http://127.0.0.1:5217/api/Auth/login - 204 null null 2.6682ms
[01:34:42 INF] Request starting HTTP/1.1 POST http://127.0.0.1:5217/api/Auth/login - application/json 45
[01:34:42 INF] CORS policy execution successful.
[01:34:42 INF] Executing endpoint 'DriverHub.API.Controllers.AuthController.LoginMotorista (DriverHub.API)'
[01:34:42 INF] Route matched with {action = "LoginMotorista", controller = "Auth"}. Executing controller action with signature System.Threading.Tasks.Task`1[Microsoft.AspNetCore.Mvc.IActionResult] LoginMotorista(DriverHub.Application.DTOs.LoginDto) on controller DriverHub.API.Controllers.AuthController (DriverHub.API).
[01:34:42 INF] Executed DbCommand (1ms) [Parameters=[@__email_0='?'], CommandType='Text', CommandTimeout='30']
SELECT m.id, m.aluguel_semanal_veiculo, m.autonomia_veiculo_km_por_litro, m.data_cadastro, m.dias_trabalhados_por_semana, m.email, m.nome, m.numero_celular, m.sal, m.senha_hash, m.sobrenome
FROM motoristas AS m
WHERE m.email = @__email_0
LIMIT 1
[01:34:42 INF] Executing UnauthorizedObjectResult, writing value of type '<>f__AnonymousType0`1[[System.String, System.Private.CoreLib, Version=8.0.0.0, Culture=neutral, PublicKeyToken=7cec85d7bea7798e]]'.
[01:34:42 INF] Executed action DriverHub.API.Controllers.AuthController.LoginMotorista (DriverHub.API) in 122.4183ms
[01:34:42 INF] Executed endpoint 'DriverHub.API.Controllers.AuthController.LoginMotorista (DriverHub.API)'
[01:34:42 INF] HTTP POST /api/Auth/login responded 401 in 125.3914 ms
[01:34:42 INF] Request finished HTTP/1.1 POST http://127.0.0.1:5217/api/Auth/login - 401 null application/json; charset=utf-8 126.4478ms
[01:34:46 INF] Request starting HTTP/1.1 POST http://127.0.0.1:5217/api/Auth/login - application/json 46
[01:34:46 INF] CORS policy execution successful.
[01:34:46 INF] Executing endpoint 'DriverHub.API.Controllers.AuthController.LoginMotorista (DriverHub.API)'
[01:34:46 INF] Route matched with {action = "LoginMotorista", controller = "Auth"}. Executing controller action with signature System.Threading.Tasks.Task`1[Microsoft.AspNetCore.Mvc.IActionResult] LoginMotorista(DriverHub.Application.DTOs.LoginDto) on controller DriverHub.API.Controllers.AuthController (DriverHub.API).
[01:34:46 INF] Executed DbCommand (1ms) [Parameters=[@__email_0='?'], CommandType='Text', CommandTimeout='30']
SELECT m.id, m.aluguel_semanal_veiculo, m.autonomia_veiculo_km_por_litro, m.data_cadastro, m.dias_trabalhados_por_semana, m.email, m.nome, m.numero_celular, m.sal, m.senha_hash, m.sobrenome
FROM motoristas AS m
WHERE m.email = @__email_0
LIMIT 1
[01:34:46 INF] Motorista guelfi@msn.com logado com sucesso.
[01:34:46 INF] Executing OkObjectResult, writing value of type 'DriverHub.Application.DTOs.LoginResponseDto'.
[01:34:46 INF] Executed action DriverHub.API.Controllers.AuthController.LoginMotorista (DriverHub.API) in 31.1525ms
[01:34:46 INF] Executed endpoint 'DriverHub.API.Controllers.AuthController.LoginMotorista (DriverHub.API)'
[01:34:46 INF] HTTP POST /api/Auth/login responded 200 in 34.9649 ms
[01:34:46 INF] Request finished HTTP/1.1 POST http://127.0.0.1:5217/api/Auth/login - 200 null application/json; charset=utf-8 35.5987ms
